Using pre-set license
Built from '2020.2/staging' branch; Version is '2020.2.6f1 (8a2143876886) revision 9052483'; Using compiler version '192528614'; Build Type 'Release'
OS: 'Windows 10 Pro; OS build 19044.1526; Version 2009; 64bit' Language: 'ru' Physical Memory: 32509 MB
BatchMode: 1, IsHumanControllingUs: 0, StartBugReporterOnCrash: 0, Is64bit: 1, IsPro: 0

 COMMAND LINE ARGUMENTS:
C:\Program Files\Unity\Hub\Editor\2020.2.6f1\Editor\Unity.exe
-adb2
-batchMode
-noUpm
-name
AssetImportWorker0
-projectPath
C:/Projects/ITprogrammerGame
-logFile
Logs/AssetImportWorker0.log
-srvPort
49609
Successfully changed project path to: C:/Projects/ITprogrammerGame
C:/Projects/ITprogrammerGame
Using Asset Import Pipeline V2.
Refreshing native plugins compatible for Editor in 27.97 ms, found 1 plugins.
Preloading 0 native plugins for Editor in 0.00 ms.
Initialize engine version: 2020.2.6f1 (8a2143876886)
[Subsystems] Discovering subsystems at path C:/Program Files/Unity/Hub/Editor/2020.2.6f1/Editor/Data/Resources/UnitySubsystems
[Subsystems] Discovering subsystems at path C:/Projects/ITprogrammerGame/Assets
GfxDevice: creating device client; threaded=0
Direct3D:
    Version:  Direct3D 11.0 [level 11.1]
    Renderer: NVIDIA GeForce RTX 3070 Laptop GPU (ID=0x249d)
    Vendor:   
    VRAM:     8044 MB
    Driver:   30.0.15.1165
Initialize mono
Mono path[0] = 'C:/Program Files/Unity/Hub/Editor/2020.2.6f1/Editor/Data/Managed'
Mono path[1] = 'C:/Program Files/Unity/Hub/Editor/2020.2.6f1/Editor/Data/MonoBleedingEdge/lib/mono/unityjit'
Mono config path = 'C:/Program Files/Unity/Hub/Editor/2020.2.6f1/Editor/Data/MonoBleedingEdge/etc'
Using monoOptions --debugger-agent=transport=dt_socket,embedding=1,server=y,suspend=n,address=127.0.0.1:56424
Begin MonoManager ReloadAssembly
Registering precompiled unity dll's ...
Register platform support module: C:/Program Files/Unity/Hub/Editor/2020.2.6f1/Editor/Data/PlaybackEngines/WindowsStandaloneSupport/UnityEditor.WindowsStandalone.Extensions.dll
Registered in 0.001306 seconds.
Native extension for WindowsStandalone target not found
Refreshing native plugins compatible for Editor in 28.38 ms, found 1 plugins.
Preloading 0 native plugins for Editor in 0.00 ms.
Invoked RoslynAnalysisRunner static constructor.
RoslynAnalysisRunner will not be running.
RoslynAnalysisRunner has terminated.
Mono: successfully reloaded assembly
- Completed reload, in  0.671 seconds
Platform modules already initialized, skipping
Registering precompiled user dll's ...
Registered in 0.000637 seconds.
Begin MonoManager ReloadAssembly
Native extension for WindowsStandalone target not found
Refreshing native plugins compatible for Editor in 27.51 ms, found 1 plugins.
Preloading 0 native plugins for Editor in 0.00 ms.
Invoked RoslynAnalysisRunner static constructor.
RoslynAnalysisRunner will not be running.
RoslynAnalysisRunner has terminated.
Mono: successfully reloaded assembly
- Completed reload, in  0.630 seconds
Platform modules already initialized, skipping
========================================================================
Worker process is ready to serve import requests
Launched and connected shader compiler UnityShaderCompiler.exe after 0.03 seconds
Refreshing native plugins compatible for Editor in 0.31 ms, found 1 plugins.
Preloading 0 native plugins for Editor in 0.00 ms.
Unloading 1797 Unused Serialized files (Serialized files now loaded: 0)
System memory in use before: 84.6 MB.
System memory in use after: 84.6 MB.

Unloading 19 unused Assets to reduce memory usage. Loaded Objects now: 2244.
Total: 1.568600 ms (FindLiveObjects: 0.131600 ms CreateObjectMapping: 0.032000 ms MarkObjects: 1.332000 ms  DeleteObjects: 0.071900 ms)

========================================================================
Received Import Request.
  path: Assets/Prefabs/Tables/table_tier7.fbx
  artifactKey: Guid(328d7663eb9450f4aa1ac31ef3eacf20) Importer(815301076,1909f56bfc062723c751e8b465ee728b)
Start importing Assets/Prefabs/Tables/table_tier7.fbx using Guid(328d7663eb9450f4aa1ac31ef3eacf20) Importer(815301076,1909f56bfc062723c751e8b465ee728b)  -> (artifact id: '87101a06e618b911e82a128fa884ab9a') in 0.115657 seconds
  Import took 0.117992 seconds .

========================================================================
Received Import Request.
  Time since last request: 0.000244 seconds.
  path: Assets/Prefabs/Tables/table_tier10.fbx
  artifactKey: Guid(ebcda60985d633847b96db53c1ef5da5) Importer(815301076,1909f56bfc062723c751e8b465ee728b)
Start importing Assets/Prefabs/Tables/table_tier10.fbx using Guid(ebcda60985d633847b96db53c1ef5da5) Importer(815301076,1909f56bfc062723c751e8b465ee728b)  -> (artifact id: '472856a3171bce960c4eeeb12933901d') in 0.058184 seconds
  Import took 0.060769 seconds .

========================================================================
Received Import Request.
  Time since last request: 0.000168 seconds.
  path: Assets/Prefabs/Tables/table_tier6.fbx
  artifactKey: Guid(f73570fa751430440aaceba485f9c034) Importer(815301076,1909f56bfc062723c751e8b465ee728b)
Start importing Assets/Prefabs/Tables/table_tier6.fbx using Guid(f73570fa751430440aaceba485f9c034) Importer(815301076,1909f56bfc062723c751e8b465ee728b)  -> (artifact id: '26d2c39c79f13878dcc347056134e5a6') in 0.058901 seconds
  Import took 0.061585 seconds .

========================================================================
Received Import Request.
  Time since last request: 0.000169 seconds.
  path: Assets/Prefabs/Tables/table_tier9.fbx
  artifactKey: Guid(2aae8b11d10055642af6967b5c979fcd) Importer(815301076,1909f56bfc062723c751e8b465ee728b)
Start importing Assets/Prefabs/Tables/table_tier9.fbx using Guid(2aae8b11d10055642af6967b5c979fcd) Importer(815301076,1909f56bfc062723c751e8b465ee728b)  -> (artifact id: '4b6d1e4c37029583544e5612cb982b1b') in 0.053311 seconds
  Import took 0.055776 seconds .

========================================================================
Received Import Request.
  Time since last request: 0.000144 seconds.
  path: Assets/Prefabs/Tables/table_tier8.fbx
  artifactKey: Guid(4cf627bc4ede29d4cbacaa7263445143) Importer(815301076,1909f56bfc062723c751e8b465ee728b)
Start importing Assets/Prefabs/Tables/table_tier8.fbx using Guid(4cf627bc4ede29d4cbacaa7263445143) Importer(815301076,1909f56bfc062723c751e8b465ee728b)  -> (artifact id: '7b62c650c800163f0815d22703fc0337') in 0.039377 seconds
  Import took 0.041978 seconds .

========================================================================
Received Import Request.
  Time since last request: 1046.397019 seconds.
  path: Assets/Prefabs/Tables/table_tier3 1.fbx
  artifactKey: Guid(bada1b7e2ce625947b20702e7257f100) Importer(815301076,1909f56bfc062723c751e8b465ee728b)
Start importing Assets/Prefabs/Tables/table_tier3 1.fbx using Guid(bada1b7e2ce625947b20702e7257f100) Importer(815301076,1909f56bfc062723c751e8b465ee728b)  -> (artifact id: '14ce19fb1b74f4f778021ea2bb3d711f') in 0.068976 seconds
  Import took 0.072708 seconds .

========================================================================
Received Import Request.
  Time since last request: 244.243561 seconds.
  path: Assets/Prefabs/Tables/table_tier3 (1).fbx
  artifactKey: Guid(e095e2e02e8f9b94280d4db65cd590a9) Importer(815301076,1909f56bfc062723c751e8b465ee728b)
Start importing Assets/Prefabs/Tables/table_tier3 (1).fbx using Guid(e095e2e02e8f9b94280d4db65cd590a9) Importer(815301076,1909f56bfc062723c751e8b465ee728b)  -> (artifact id: '5eb18c23b42909d87ac99b17c5e87299') in 0.054569 seconds
  Import took 0.057975 seconds .

========================================================================
Received Import Request.
  Time since last request: 31.272423 seconds.
  path: Assets/Prefabs/Tables/table_tier3.fbx
  artifactKey: Guid(74d66ed473079f84baa67dbcd47af476) Importer(815301076,1909f56bfc062723c751e8b465ee728b)
Start importing Assets/Prefabs/Tables/table_tier3.fbx using Guid(74d66ed473079f84baa67dbcd47af476) Importer(815301076,1909f56bfc062723c751e8b465ee728b)  -> (artifact id: 'ae0a2ed922644aba8cba9129465c2f70') in 0.020366 seconds
  Import took 0.023361 seconds .

========================================================================
Received Import Request.
  Time since last request: 0.000665 seconds.
  path: Assets/Prefabs/Tables/table_tier3.fbx
  artifactKey: Guid(74d66ed473079f84baa67dbcd47af476) Importer(815301076,1909f56bfc062723c751e8b465ee728b)
Start importing Assets/Prefabs/Tables/table_tier3.fbx using Guid(74d66ed473079f84baa67dbcd47af476) Importer(815301076,1909f56bfc062723c751e8b465ee728b)  -> (artifact id: 'ae0a2ed922644aba8cba9129465c2f70') in 0.016883 seconds
  Import took 0.019590 seconds .

========================================================================
Received Import Request.
  Time since last request: 57.178498 seconds.
  path: Assets/Textures/Tables_texts
  artifactKey: Guid(ad840247a0fc14c4b8bd9d39d947da26) Importer(815301076,1909f56bfc062723c751e8b465ee728b)
Start importing Assets/Textures/Tables_texts using Guid(ad840247a0fc14c4b8bd9d39d947da26) Importer(815301076,1909f56bfc062723c751e8b465ee728b)  -> (artifact id: '2e6f40ec57f28e2171ae31c37b0d538d') in 0.008161 seconds
  Import took 0.011138 seconds .

========================================================================
Received Import Request.
  Time since last request: 0.075422 seconds.
  path: Assets/Textures/Tables_texts/Light_MDF_var1.png
  artifactKey: Guid(04dc27ca391e1f948a4090276db95b3b) Importer(815301076,1909f56bfc062723c751e8b465ee728b)
Start importing Assets/Textures/Tables_texts/Light_MDF_var1.png using Guid(04dc27ca391e1f948a4090276db95b3b) Importer(815301076,1909f56bfc062723c751e8b465ee728b)  -> (artifact id: '4a204d3c8eb4fac4c175ec802da4b201') in 0.015462 seconds
  Import took 0.017979 seconds .

========================================================================
Received Import Request.
  Time since last request: 0.000168 seconds.
  path: Assets/Textures/Tables_texts/MDF Board_tier4.png
  artifactKey: Guid(43fa5cf28845c0a46b08c359a0f5f71e) Importer(815301076,1909f56bfc062723c751e8b465ee728b)
Start importing Assets/Textures/Tables_texts/MDF Board_tier4.png using Guid(43fa5cf28845c0a46b08c359a0f5f71e) Importer(815301076,1909f56bfc062723c751e8b465ee728b)  -> (artifact id: 'a0313dd79528dfcaa5eae642bbc80a54') in 0.009675 seconds
  Import took 0.011985 seconds .

========================================================================
Received Import Request.
  Time since last request: 0.000208 seconds.
  path: Assets/Textures/Tables_texts/Light_MDF_var5.png
  artifactKey: Guid(3540a01110e479043a080433634687a6) Importer(815301076,1909f56bfc062723c751e8b465ee728b)
Start importing Assets/Textures/Tables_texts/Light_MDF_var5.png using Guid(3540a01110e479043a080433634687a6) Importer(815301076,1909f56bfc062723c751e8b465ee728b)  -> (artifact id: '747f591f14bbd3121d4cc804720a6db6') in 0.010485 seconds
  Import took 0.013271 seconds .

========================================================================
Received Import Request.
  Time since last request: 0.000207 seconds.
  path: Assets/Textures/Tables_texts/Plank_Different_diffuse.png
  artifactKey: Guid(1a935ae3a2878c3408425c7fc472acd5) Importer(815301076,1909f56bfc062723c751e8b465ee728b)
Start importing Assets/Textures/Tables_texts/Plank_Different_diffuse.png using Guid(1a935ae3a2878c3408425c7fc472acd5) Importer(815301076,1909f56bfc062723c751e8b465ee728b)  -> (artifact id: '2886fd71958281914d40b913e88e04e8') in 0.011132 seconds
  Import took 0.013769 seconds .

========================================================================
Received Import Request.
  Time since last request: 0.000162 seconds.
  path: Assets/Textures/Tables_texts/TablePlanks_rough_Diffuse.png
  artifactKey: Guid(945a937dde876a749a1a56ddd4464f05) Importer(815301076,1909f56bfc062723c751e8b465ee728b)
Start importing Assets/Textures/Tables_texts/TablePlanks_rough_Diffuse.png using Guid(945a937dde876a749a1a56ddd4464f05) Importer(815301076,1909f56bfc062723c751e8b465ee728b)  -> (artifact id: '9ac7e350a99dc9890d130793db585fb0') in 0.011842 seconds
  Import took 0.014674 seconds .

========================================================================
Received Import Request.
  Time since last request: 0.000152 seconds.
  path: Assets/Textures/Tables_texts/MDF Board_tier6.png
  artifactKey: Guid(a14b84aed020738498bd79bcbc3beefc) Importer(815301076,1909f56bfc062723c751e8b465ee728b)
Start importing Assets/Textures/Tables_texts/MDF Board_tier6.png using Guid(a14b84aed020738498bd79bcbc3beefc) Importer(815301076,1909f56bfc062723c751e8b465ee728b)  -> (artifact id: '3a4223591c4f2752b4d85987172625c1') in 0.014533 seconds
  Import took 0.017054 seconds .

========================================================================
Received Import Request.
  Time since last request: 0.000190 seconds.
  path: Assets/Textures/Tables_texts/Light_MDF_var4.png
  artifactKey: Guid(875fd844e2a996c4e88091baf2f58e9f) Importer(815301076,1909f56bfc062723c751e8b465ee728b)
Start importing Assets/Textures/Tables_texts/Light_MDF_var4.png using Guid(875fd844e2a996c4e88091baf2f58e9f) Importer(815301076,1909f56bfc062723c751e8b465ee728b)  -> (artifact id: '2c9f7a4876b4fecd72955d9dee4fb129') in 0.035178 seconds
  Import took 0.038181 seconds .

========================================================================
Received Import Request.
  Time since last request: 0.000251 seconds.
  path: Assets/Textures/Tables_texts/MDF Board_tier5.png
  artifactKey: Guid(c9473be3df5ba3d4fb817ab5bd02971d) Importer(815301076,1909f56bfc062723c751e8b465ee728b)
Start importing Assets/Textures/Tables_texts/MDF Board_tier5.png using Guid(c9473be3df5ba3d4fb817ab5bd02971d) Importer(815301076,1909f56bfc062723c751e8b465ee728b)  -> (artifact id: '81bbf96e8ea72409366e3ba53788fd48') in 0.018019 seconds
  Import took 0.020730 seconds .

========================================================================
Received Import Request.
  Time since last request: 0.000174 seconds.
  path: Assets/Textures/Tables_texts/TablePlanks_Light_Diffuse.png
  artifactKey: Guid(e26f35a3ae80a6d48b80546c0f2cc92d) Importer(815301076,1909f56bfc062723c751e8b465ee728b)
Start importing Assets/Textures/Tables_texts/TablePlanks_Light_Diffuse.png using Guid(e26f35a3ae80a6d48b80546c0f2cc92d) Importer(815301076,1909f56bfc062723c751e8b465ee728b)  -> (artifact id: '31510da9f9163a727edef8b8bc9faf0e') in 0.009978 seconds
  Import took 0.012723 seconds .

========================================================================
Received Import Request.
  Time since last request: 0.000165 seconds.
  path: Assets/Textures/Tables_texts/TablePlanks_rough_Normal.png
  artifactKey: Guid(babb9275d53c8ec40a08b884a7dc4a6c) Importer(815301076,1909f56bfc062723c751e8b465ee728b)
Start importing Assets/Textures/Tables_texts/TablePlanks_rough_Normal.png using Guid(babb9275d53c8ec40a08b884a7dc4a6c) Importer(815301076,1909f56bfc062723c751e8b465ee728b)  -> (artifact id: 'b0f90f14fa2f8381659cb7f4a0403e1a') in 0.018661 seconds
  Import took 0.021386 seconds .

========================================================================
Received Import Request.
  Time since last request: 0.000183 seconds.
  path: Assets/Textures/Tables_texts/Light_MDF_var2.png
  artifactKey: Guid(e2847c750df5a134fb20ce939d02d4a8) Importer(815301076,1909f56bfc062723c751e8b465ee728b)
Start importing Assets/Textures/Tables_texts/Light_MDF_var2.png using Guid(e2847c750df5a134fb20ce939d02d4a8) Importer(815301076,1909f56bfc062723c751e8b465ee728b)  -> (artifact id: 'e9522304c6d666fc8c2ef952f23a18b7') in 0.011646 seconds
  Import took 0.014457 seconds .

========================================================================
Received Import Request.
  Time since last request: 0.000144 seconds.
  path: Assets/Textures/Tables_texts/MDFBoard_Diffuse.png
  artifactKey: Guid(a8e8ab41bb6f878429c21ea464cbb812) Importer(815301076,1909f56bfc062723c751e8b465ee728b)
Start importing Assets/Textures/Tables_texts/MDFBoard_Diffuse.png using Guid(a8e8ab41bb6f878429c21ea464cbb812) Importer(815301076,1909f56bfc062723c751e8b465ee728b)  -> (artifact id: '098cdd359a563d313ba840857fe1d4d3') in 0.010726 seconds
  Import took 0.013822 seconds .

========================================================================
Received Import Request.
  Time since last request: 0.000175 seconds.
  path: Assets/Textures/Tables_texts/Light_MDF_var3.png
  artifactKey: Guid(15279817bf0b4f84498f868dd22349e5) Importer(815301076,1909f56bfc062723c751e8b465ee728b)
Start importing Assets/Textures/Tables_texts/Light_MDF_var3.png using Guid(15279817bf0b4f84498f868dd22349e5) Importer(815301076,1909f56bfc062723c751e8b465ee728b)  -> (artifact id: '9c85f1905a916128ce5b17067dded778') in 0.009608 seconds
  Import took 0.012185 seconds .

========================================================================
Received Import Request.
  Time since last request: 205.444917 seconds.
  path: Assets/Textures/Tables_texts/Materials
  artifactKey: Guid(5349193d1e28b054a9121027ac410e62) Importer(815301076,1909f56bfc062723c751e8b465ee728b)
Start importing Assets/Textures/Tables_texts/Materials using Guid(5349193d1e28b054a9121027ac410e62) Importer(815301076,1909f56bfc062723c751e8b465ee728b)  -> (artifact id: 'fa10d76ae2e560ce96b5dbd3b1c4057c') in 0.006862 seconds
  Import took 0.010060 seconds .

AssetImportWorkerClient::OnTransportError - code=2 error=End of file
