Using pre-set license
Built from '2020.2/staging' branch; Version is '2020.2.6f1 (8a2143876886) revision 9052483'; Using compiler version '192528614'; Build Type 'Release'
OS: 'Windows 10 Pro; OS build 19044.1466; Version 2009; 64bit' Language: 'ru' Physical Memory: 32509 MB
BatchMode: 1, IsHumanControllingUs: 0, StartBugReporterOnCrash: 0, Is64bit: 1, IsPro: 0

 COMMAND LINE ARGUMENTS:
C:\Program Files\Unity\Hub\Editor\2020.2.6f1\Editor\Unity.exe
-adb2
-batchMode
-noUpm
-name
AssetImportWorker0
-projectPath
C:/Users/Aero/AppData/Local/GitHubDesktop/app-2.9.6/ITprogrammerGame
-logFile
Logs/AssetImportWorker0.log
-srvPort
63792
Successfully changed project path to: C:/Users/Aero/AppData/Local/GitHubDesktop/app-2.9.6/ITprogrammerGame
C:/Users/Aero/AppData/Local/GitHubDesktop/app-2.9.6/ITprogrammerGame
Using Asset Import Pipeline V2.
Refreshing native plugins compatible for Editor in 28.74 ms, found 1 plugins.
Preloading 0 native plugins for Editor in 0.00 ms.
Initialize engine version: 2020.2.6f1 (8a2143876886)
[Subsystems] Discovering subsystems at path C:/Program Files/Unity/Hub/Editor/2020.2.6f1/Editor/Data/Resources/UnitySubsystems
[Subsystems] Discovering subsystems at path C:/Users/Aero/AppData/Local/GitHubDesktop/app-2.9.6/ITprogrammerGame/Assets
GfxDevice: creating device client; threaded=0
Direct3D:
    Version:  Direct3D 11.0 [level 11.1]
    Renderer: NVIDIA GeForce RTX 3070 Laptop GPU (ID=0x249d)
    Vendor:   
    VRAM:     8044 MB
    Driver:   30.0.15.1109
Initialize mono
Mono path[0] = 'C:/Program Files/Unity/Hub/Editor/2020.2.6f1/Editor/Data/Managed'
Mono path[1] = 'C:/Program Files/Unity/Hub/Editor/2020.2.6f1/Editor/Data/MonoBleedingEdge/lib/mono/unityjit'
Mono config path = 'C:/Program Files/Unity/Hub/Editor/2020.2.6f1/Editor/Data/MonoBleedingEdge/etc'
Using monoOptions --debugger-agent=transport=dt_socket,embedding=1,server=y,suspend=n,address=127.0.0.1:56732
Begin MonoManager ReloadAssembly
Registering precompiled unity dll's ...
Register platform support module: C:/Program Files/Unity/Hub/Editor/2020.2.6f1/Editor/Data/PlaybackEngines/WindowsStandaloneSupport/UnityEditor.WindowsStandalone.Extensions.dll
Registered in 0.001251 seconds.
Native extension for WindowsStandalone target not found
Refreshing native plugins compatible for Editor in 26.85 ms, found 1 plugins.
Preloading 0 native plugins for Editor in 0.00 ms.
Invoked RoslynAnalysisRunner static constructor.
RoslynAnalysisRunner will not be running.
RoslynAnalysisRunner has terminated.
Mono: successfully reloaded assembly
- Completed reload, in  0.689 seconds
Platform modules already initialized, skipping
Registering precompiled user dll's ...
Registered in 0.000654 seconds.
Begin MonoManager ReloadAssembly
Native extension for WindowsStandalone target not found
Refreshing native plugins compatible for Editor in 28.15 ms, found 1 plugins.
Preloading 0 native plugins for Editor in 0.00 ms.
Invoked RoslynAnalysisRunner static constructor.
RoslynAnalysisRunner will not be running.
RoslynAnalysisRunner has terminated.
Mono: successfully reloaded assembly
- Completed reload, in  0.611 seconds
Platform modules already initialized, skipping
========================================================================
Worker process is ready to serve import requests
Launched and connected shader compiler UnityShaderCompiler.exe after 0.03 seconds
Refreshing native plugins compatible for Editor in 0.35 ms, found 1 plugins.
Preloading 0 native plugins for Editor in 0.00 ms.
Unloading 1797 Unused Serialized files (Serialized files now loaded: 0)
System memory in use before: 85.6 MB.
System memory in use after: 85.7 MB.

Unloading 19 unused Assets to reduce memory usage. Loaded Objects now: 2249.
Total: 1.636200 ms (FindLiveObjects: 0.141300 ms CreateObjectMapping: 0.027400 ms MarkObjects: 1.386700 ms  DeleteObjects: 0.080200 ms)

========================================================================
Received Import Request.
  path: Assets/UI/background_moneyBitcoin (1).png
  artifactKey: Guid(f67531096c2537a4282e4f0858124bb9) Importer(815301076,1909f56bfc062723c751e8b465ee728b)
Start importing Assets/UI/background_moneyBitcoin (1).png using Guid(f67531096c2537a4282e4f0858124bb9) Importer(815301076,1909f56bfc062723c751e8b465ee728b)  -> (artifact id: 'd946d4cc6dc8aadd8120b18ac3e09d95') in 0.091384 seconds
  Import took 0.094211 seconds .

========================================================================
Received Import Request.
  Time since last request: 28.118016 seconds.
  path: Assets/UI/background_moneyBitcoin (1).png
  artifactKey: Guid(f67531096c2537a4282e4f0858124bb9) Importer(815301076,1909f56bfc062723c751e8b465ee728b)
Start importing Assets/UI/background_moneyBitcoin (1).png using Guid(f67531096c2537a4282e4f0858124bb9) Importer(815301076,1909f56bfc062723c751e8b465ee728b)  -> (artifact id: '9265d70878cd609342d9f3c97175118a') in 0.015563 seconds
  Import took 0.018226 seconds .

========================================================================
Received Import Request.
  Time since last request: 0.012351 seconds.
  path: Assets/UI/background_moneyBitcoin (1).png
  artifactKey: Guid(f67531096c2537a4282e4f0858124bb9) Importer(815301076,1909f56bfc062723c751e8b465ee728b)
Start importing Assets/UI/background_moneyBitcoin (1).png using Guid(f67531096c2537a4282e4f0858124bb9) Importer(815301076,1909f56bfc062723c751e8b465ee728b)  -> (artifact id: '9265d70878cd609342d9f3c97175118a') in 0.010075 seconds
  Import took 0.012877 seconds .

========================================================================
Received Import Request.
  Time since last request: 8.679814 seconds.
  path: Assets/UI/background_moneyBitcoin (1).png
  artifactKey: Guid(f67531096c2537a4282e4f0858124bb9) Importer(815301076,1909f56bfc062723c751e8b465ee728b)
Start importing Assets/UI/background_moneyBitcoin (1).png using Guid(f67531096c2537a4282e4f0858124bb9) Importer(815301076,1909f56bfc062723c751e8b465ee728b)  -> (artifact id: '44fb1cb34be819f2fb59282ffa06b948') in 0.014947 seconds
  Import took 0.017564 seconds .

========================================================================
Received Import Request.
  Time since last request: 0.013774 seconds.
  path: Assets/UI/background_moneyBitcoin (1).png
  artifactKey: Guid(f67531096c2537a4282e4f0858124bb9) Importer(815301076,1909f56bfc062723c751e8b465ee728b)
Start importing Assets/UI/background_moneyBitcoin (1).png using Guid(f67531096c2537a4282e4f0858124bb9) Importer(815301076,1909f56bfc062723c751e8b465ee728b)  -> (artifact id: '44fb1cb34be819f2fb59282ffa06b948') in 0.009783 seconds
  Import took 0.012588 seconds .

========================================================================
Received Import Request.
  Time since last request: 79.313213 seconds.
  path: Assets/UI/background_moneyBitcoin (2).png
  artifactKey: Guid(ac8d40776833ac5458f512d73e9a5e01) Importer(815301076,1909f56bfc062723c751e8b465ee728b)
Start importing Assets/UI/background_moneyBitcoin (2).png using Guid(ac8d40776833ac5458f512d73e9a5e01) Importer(815301076,1909f56bfc062723c751e8b465ee728b)  -> (artifact id: 'e52c33adde35f3a1fe96a4a3ef36cb9c') in 0.021630 seconds
  Import took 0.024375 seconds .

========================================================================
Received Import Request.
  Time since last request: 0.001961 seconds.
  path: Assets/UI/background_moneyBitcoin (2).png
  artifactKey: Guid(ac8d40776833ac5458f512d73e9a5e01) Importer(815301076,1909f56bfc062723c751e8b465ee728b)
Start importing Assets/UI/background_moneyBitcoin (2).png using Guid(ac8d40776833ac5458f512d73e9a5e01) Importer(815301076,1909f56bfc062723c751e8b465ee728b)  -> (artifact id: 'e52c33adde35f3a1fe96a4a3ef36cb9c') in 0.011662 seconds
  Import took 0.014537 seconds .

========================================================================
Received Import Request.
  Time since last request: 30.846983 seconds.
  path: Assets/UI/background_moneyBitcoin (2).png
  artifactKey: Guid(ac8d40776833ac5458f512d73e9a5e01) Importer(815301076,1909f56bfc062723c751e8b465ee728b)
Start importing Assets/UI/background_moneyBitcoin (2).png using Guid(ac8d40776833ac5458f512d73e9a5e01) Importer(815301076,1909f56bfc062723c751e8b465ee728b)  -> (artifact id: 'f6afc1c017f4a228f118599ced254513') in 0.018668 seconds
  Import took 0.021508 seconds .

AssetImportWorkerClient::OnTransportError - code=2 error=End of file
